2022-12-21 12:01:12 INFO  HomePage :46 - Click on Desktop[[ChromeDriver: chrome on WINDOWS (fb45e63271d5cc261f2fe771099500b9)] -> link text: Desktops]
2022-12-21 12:01:13 INFO  DeskTopPage :39 - Select sort by Name: Z to A[[ChromeDriver: chrome on WINDOWS (fb45e63271d5cc261f2fe771099500b9)] -> name: products-orderby]
2022-12-21 12:01:13 INFO  DeskTopPage :50 - Verify that product is arranged in descending order[[ChromeDriver: chrome on WINDOWS (fb45e63271d5cc261f2fe771099500b9)] -> name: products-orderby]
2022-12-21 12:01:18 INFO  HomePage :46 - Click on Desktop[[ChromeDriver: chrome on WINDOWS (4f72a3ec98546d3e8954bad34f1b792e)] -> link text: Desktops]
2022-12-21 12:01:18 INFO  DeskTopPage :39 - Select sort by Name: A to Z[[ChromeDriver: chrome on WINDOWS (4f72a3ec98546d3e8954bad34f1b792e)] -> name: products-orderby]
2022-12-21 12:01:21 INFO  DeskTopPage :45 - Click on add to cart button[[ChromeDriver: chrome on WINDOWS (4f72a3ec98546d3e8954bad34f1b792e)] -> xpath: //body/div[6]/div[3]/div[1]/div[3]/div[1]/div[2]/div[2]/div[2]/div[1]/div[1]/div[1]/div[1]/div[2]/div[3]/div[2]/button[1]]
2022-12-21 12:01:22 INFO  BuildYourOwnComputerPage :63 - Verify the Build your own computer page text[[ChromeDriver: chrome on WINDOWS (4f72a3ec98546d3e8954bad34f1b792e)] -> xpath: //h1[contains(text(),'Build your own computer')]]
2022-12-21 12:01:22 INFO  BuildYourOwnComputerPage :68 - Select processor 2.2 GHz Intel Pentium Dual-Core E2200[[ChromeDriver: chrome on WINDOWS (4f72a3ec98546d3e8954bad34f1b792e)] -> name: product_attribute_1]
2022-12-21 12:01:22 INFO  BuildYourOwnComputerPage :73 - Select ram 8GB [+$60.00]from dropdown list[[ChromeDriver: chrome on WINDOWS (4f72a3ec98546d3e8954bad34f1b792e)] -> name: product_attribute_2]
2022-12-21 12:01:22 INFO  BuildYourOwnComputerPage :78 - select hdd radio button[[ChromeDriver: chrome on WINDOWS (4f72a3ec98546d3e8954bad34f1b792e)] -> xpath: //input[@id='product_attribute_3_7']]
2022-12-21 12:01:22 INFO  BuildYourOwnComputerPage :83 - Select OS radio button[[ChromeDriver: chrome on WINDOWS (4f72a3ec98546d3e8954bad34f1b792e)] -> xpath: //input[@id='product_attribute_4_9']]
2022-12-21 12:01:22 INFO  BuildYourOwnComputerPage :88 - Select software[[ChromeDriver: chrome on WINDOWS (4f72a3ec98546d3e8954bad34f1b792e)] -> xpath: //input[@id='product_attribute_5_12']]
2022-12-21 12:01:23 INFO  BuildYourOwnComputerPage :93 - Verify the proce[[ChromeDriver: chrome on WINDOWS (4f72a3ec98546d3e8954bad34f1b792e)] -> xpath: //span[text() = '$1,475.00']]
2022-12-21 12:01:23 INFO  BuildYourOwnComputerPage :98 - Click on add to cart button[[ChromeDriver: chrome on WINDOWS (4f72a3ec98546d3e8954bad34f1b792e)] -> xpath: //button[@id='add-to-cart-button-1']]
2022-12-21 12:01:24 INFO  BuildYourOwnComputerPage :103 - Verify the messge on the top green bar[[ChromeDriver: chrome on WINDOWS (4f72a3ec98546d3e8954bad34f1b792e)] -> xpath: //body[1]/div[5]/div[1]/p[1]]
2022-12-21 12:01:24 INFO  BuildYourOwnComputerPage :108 - Click on the close bar[[ChromeDriver: chrome on WINDOWS (4f72a3ec98546d3e8954bad34f1b792e)] -> xpath: //body[1]/div[5]/div[1]/span[1]]
2022-12-21 12:01:24 INFO  BuildYourOwnComputerPage :113 - mouse howver on shopping cart[[ChromeDriver: chrome on WINDOWS (4f72a3ec98546d3e8954bad34f1b792e)] -> xpath: //span[contains(text(),'Shopping cart')]]
2022-12-21 12:01:24 INFO  BuildYourOwnComputerPage :118 - Click on shopping cart[[ChromeDriver: chrome on WINDOWS (4f72a3ec98546d3e8954bad34f1b792e)] -> xpath: //button[contains(text(),'Go to cart')]]
2022-12-21 12:01:25 INFO  ShoppingCartPage :47 - Verify Shopping cart text[[ChromeDriver: chrome on WINDOWS (4f72a3ec98546d3e8954bad34f1b792e)] -> xpath: //div[@class='page-title']/h1[contains(text(),'Shopping cart')]]
2022-12-21 12:01:28 INFO  ShoppingCartPage :53 - Update the quantity of product in shopping cart[[ChromeDriver: chrome on WINDOWS (4f72a3ec98546d3e8954bad34f1b792e)] -> xpath: //td[@class='quantity']/child::input]
2022-12-21 12:01:28 INFO  ShoppingCartPage :60 - Click on update Shopping cart button[[ChromeDriver: chrome on WINDOWS (4f72a3ec98546d3e8954bad34f1b792e)] -> xpath: //button[@id='updatecart']]
2022-12-21 12:01:29 INFO  ShoppingCartPage :65 - Verify the total price[[ChromeDriver: chrome on WINDOWS (4f72a3ec98546d3e8954bad34f1b792e)] -> xpath: //span[@class='product-subtotal'][text()='$2,950.00']]
2022-12-21 12:01:29 INFO  ShoppingCartPage :70 - Click on Check box[[ChromeDriver: chrome on WINDOWS (4f72a3ec98546d3e8954bad34f1b792e)] -> id: termsofservice]
2022-12-21 12:01:29 INFO  ShoppingCartPage :75 - Click on checkout button[[ChromeDriver: chrome on WINDOWS (4f72a3ec98546d3e8954bad34f1b792e)] -> xpath: //button[@id='checkout']]
2022-12-21 12:01:29 INFO  CheckOutAsGuest :27 - Verify the Welcome Text[[ChromeDriver: chrome on WINDOWS (4f72a3ec98546d3e8954bad34f1b792e)] -> xpath: //h1[text()='Welcome, Please Sign In!']]
2022-12-21 12:01:29 INFO  CheckOutAsGuest :31 - Click on proceed as guest button [[ChromeDriver: chrome on WINDOWS (4f72a3ec98546d3e8954bad34f1b792e)] -> xpath: //button[text()= 'Checkout as Guest']]
2022-12-21 12:01:30 INFO  BillingCheckOutPage :59 - Enter billing first nameAbc[[ChromeDriver: chrome on WINDOWS (4f72a3ec98546d3e8954bad34f1b792e)] -> id: BillingNewAddress_FirstName]
2022-12-21 12:01:30 INFO  BillingCheckOutPage :64 - Enter billing last nameXyz[[ChromeDriver: chrome on WINDOWS (4f72a3ec98546d3e8954bad34f1b792e)] -> id: BillingNewAddress_LastName]
2022-12-21 12:01:30 INFO  BillingCheckOutPage :69 - Enter billing email addresstest123@gmail.com[[ChromeDriver: chrome on WINDOWS (4f72a3ec98546d3e8954bad34f1b792e)] -> id: BillingNewAddress_Email]
2022-12-21 12:01:30 INFO  BillingCheckOutPage :74 - Select Country United Kingdomfrom dropdown list[[ChromeDriver: chrome on WINDOWS (4f72a3ec98546d3e8954bad34f1b792e)] -> id: BillingNewAddress_CountryId]
2022-12-21 12:01:30 INFO  BillingCheckOutPage :84 - Enter the City London[[ChromeDriver: chrome on WINDOWS (4f72a3ec98546d3e8954bad34f1b792e)] -> id: BillingNewAddress_City]
2022-12-21 12:01:31 INFO  BillingCheckOutPage :89 - Enter billing address10 Downing Street[[ChromeDriver: chrome on WINDOWS (4f72a3ec98546d3e8954bad34f1b792e)] -> id: BillingNewAddress_Address1]
2022-12-21 12:01:31 INFO  BillingCheckOutPage :94 - Enter zipcode EC1B 2JLin zip code field[[ChromeDriver: chrome on WINDOWS (4f72a3ec98546d3e8954bad34f1b792e)] -> id: BillingNewAddress_ZipPostalCode]
2022-12-21 12:01:31 INFO  BillingCheckOutPage :99 - Enter phone number 0987654321in phone no field[[ChromeDriver: chrome on WINDOWS (4f72a3ec98546d3e8954bad34f1b792e)] -> id: BillingNewAddress_PhoneNumber]
2022-12-21 12:01:31 INFO  BillingCheckOutPage :104 - Click on Checkout button[[ChromeDriver: chrome on WINDOWS (4f72a3ec98546d3e8954bad34f1b792e)] -> xpath: //div[1]/button[4]]
2022-12-21 12:01:31 INFO  ShippingMethodCheckoutPage :27 - Click on radio button next day air[[ChromeDriver: chrome on WINDOWS (4f72a3ec98546d3e8954bad34f1b792e)] -> id: shippingoption_1]
2022-12-21 12:01:31 INFO  ShippingMethodCheckoutPage :31 - Click on continue button[[ChromeDriver: chrome on WINDOWS (4f72a3ec98546d3e8954bad34f1b792e)] -> xpath: //body/div[6]/div[3]/div[1]/div[1]/div[1]/div[2]/ol[1]/li[3]/div[2]/form[1]/div[2]/button[1]]
2022-12-21 12:01:31 INFO  PaymentMethodCheckOut :23 - Enter Credit card[[ChromeDriver: chrome on WINDOWS (4f72a3ec98546d3e8954bad34f1b792e)] -> css selector: #paymentmethod_1]
2022-12-21 12:01:31 INFO  PaymentMethodCheckOut :27 - Click on Continue button[[ChromeDriver: chrome on WINDOWS (4f72a3ec98546d3e8954bad34f1b792e)] -> xpath: //ol[1]/li[4]/div[2]/div[1]/button[1]]
2022-12-21 12:01:32 INFO  PaymentCheckOut :43 - Select card type Master cardfrom the drop down list[[ChromeDriver: chrome on WINDOWS (4f72a3ec98546d3e8954bad34f1b792e)] -> id: CreditCardType]
2022-12-21 12:01:32 INFO  PaymentCheckOut :48 - Enter Card holder name Linda Smithin card holder name field[[ChromeDriver: chrome on WINDOWS (4f72a3ec98546d3e8954bad34f1b792e)] -> id: CardholderName]
2022-12-21 12:01:32 INFO  PaymentCheckOut :53 - Enter card number 5555555555554444in card no field[[ChromeDriver: chrome on WINDOWS (4f72a3ec98546d3e8954bad34f1b792e)] -> id: CardNumber]
2022-12-21 12:01:32 INFO  PaymentCheckOut :58 - Select expiry Month 02from dropdown[[ChromeDriver: chrome on WINDOWS (4f72a3ec98546d3e8954bad34f1b792e)] -> id: ExpireMonth]
2022-12-21 12:01:32 INFO  PaymentCheckOut :63 - Select expiry Year 2024from dropdown[[ChromeDriver: chrome on WINDOWS (4f72a3ec98546d3e8954bad34f1b792e)] -> id: ExpireYear]
2022-12-21 12:01:32 INFO  PaymentCheckOut :68 - Enter Card code 0123in card code field[[ChromeDriver: chrome on WINDOWS (4f72a3ec98546d3e8954bad34f1b792e)] -> id: CardCode]
2022-12-21 12:01:32 INFO  PaymentCheckOut :73 - Click on continue button[[ChromeDriver: chrome on WINDOWS (4f72a3ec98546d3e8954bad34f1b792e)] -> xpath: //button[@class='button-1 payment-info-next-step-button']]
2022-12-21 12:01:32 INFO  ConfirmOrderPage :39 - Verify credit card payment method[[ChromeDriver: chrome on WINDOWS (4f72a3ec98546d3e8954bad34f1b792e)] -> xpath: //span[contains(text(),'Credit Card')]]
2022-12-21 12:01:32 INFO  ConfirmOrderPage :44 - Verify shipping method[[ChromeDriver: chrome on WINDOWS (4f72a3ec98546d3e8954bad34f1b792e)] -> xpath: //div[1]/div[2]/div[2]/ul[1]/li[1]/span[2]]
2022-12-21 12:01:33 INFO  ConfirmOrderPage :49 - Verify the total price[[ChromeDriver: chrome on WINDOWS (4f72a3ec98546d3e8954bad34f1b792e)] -> xpath: //tbody/tr[4]/td[2]/span[1]/strong[1]]
2022-12-21 12:01:33 INFO  ConfirmOrderPage :54 - Click on Confirm button[[ChromeDriver: chrome on WINDOWS (4f72a3ec98546d3e8954bad34f1b792e)] -> xpath: //button[contains(text(),'Confirm')]]
2022-12-21 12:01:33 INFO  CompletedCheckoutPage :27 - Verify the Thank you Text[[ChromeDriver: chrome on WINDOWS (4f72a3ec98546d3e8954bad34f1b792e)] -> xpath: //h1[contains(text(),'Thank you')]]
2022-12-21 12:01:33 INFO  CompletedCheckoutPage :31 - Verify the order success text[[ChromeDriver: chrome on WINDOWS (4f72a3ec98546d3e8954bad34f1b792e)] -> xpath: //strong[contains(text(),'Your order has been successfully processed!')]]
2022-12-21 12:01:33 INFO  CompletedCheckoutPage :35 - Click on continue button[[ChromeDriver: chrome on WINDOWS (4f72a3ec98546d3e8954bad34f1b792e)] -> xpath: //button[contains(text(),'Continue')]]
2022-12-21 12:01:34 INFO  HomePage :61 - Verify the Welcome text[[ChromeDriver: chrome on WINDOWS (4f72a3ec98546d3e8954bad34f1b792e)] -> xpath: //h2[contains(text(),'Welcome to our store')]]
2022-12-21 12:01:37 INFO  HomePage :51 - Mouse hover on Electronics tab[[ChromeDriver: chrome on WINDOWS (b4bef21c95ba09480fe2858830758383)] -> xpath: //div/ul[@class='top-menu notmobile']/li[2]/a[@href='/electronics']]
2022-12-21 12:01:38 INFO  HomePage :56 - Mouse hover on Cell phones tab and click[[ChromeDriver: chrome on WINDOWS (b4bef21c95ba09480fe2858830758383)] -> xpath: //body[1]/div[6]/div[2]/ul[1]/li[2]/ul[1]/li[2]/a[1]]
2022-12-21 12:01:39 INFO  CellPhonesPage :27 - Verify the Cell phones page text[[ChromeDriver: chrome on WINDOWS (b4bef21c95ba09480fe2858830758383)] -> xpath: //div[@class='page-title']/h1[text() = 'Cell phones']]
2022-12-21 12:01:42 INFO  HomePage :51 - Mouse hover on Electronics tab[[ChromeDriver: chrome on WINDOWS (9578722244ec68e0e92f05f73136ebcb)] -> xpath: //div/ul[@class='top-menu notmobile']/li[2]/a[@href='/electronics']]
2022-12-21 12:01:42 INFO  HomePage :56 - Mouse hover on Cell phones tab and click[[ChromeDriver: chrome on WINDOWS (9578722244ec68e0e92f05f73136ebcb)] -> xpath: //body[1]/div[6]/div[2]/ul[1]/li[2]/ul[1]/li[2]/a[1]]
2022-12-21 12:01:43 INFO  CellPhonesPage :27 - Verify the Cell phones page text[[ChromeDriver: chrome on WINDOWS (9578722244ec68e0e92f05f73136ebcb)] -> xpath: //div[@class='page-title']/h1[text() = 'Cell phones']]
2022-12-21 12:01:43 INFO  CellPhonesPage :32 - Click on list view[[ChromeDriver: chrome on WINDOWS (9578722244ec68e0e92f05f73136ebcb)] -> xpath: //div/a[text()='List']]
2022-12-21 12:01:46 INFO  CellPhonesPage :37 - Click on Nokia lumia [[ChromeDriver: chrome on WINDOWS (9578722244ec68e0e92f05f73136ebcb)] -> xpath: //h2/a[text()='Nokia Lumia 1020']]
2022-12-21 12:01:47 INFO  NokiaLumiaPage :47 - Verify Nokia lumia Text[[ChromeDriver: chrome on WINDOWS (9578722244ec68e0e92f05f73136ebcb)] -> xpath: //h1[contains(text(),'Nokia Lumia 1020')]]
2022-12-21 12:01:47 INFO  NokiaLumiaPage :52 - Verify Nokia price[[ChromeDriver: chrome on WINDOWS (9578722244ec68e0e92f05f73136ebcb)] -> xpath: //span[@id='price-value-20']]
2022-12-21 12:01:47 INFO  NokiaLumiaPage :57 - Change the quantity of nokia product[[ChromeDriver: chrome on WINDOWS (9578722244ec68e0e92f05f73136ebcb)] -> css selector: #product_enteredQuantity_20]
2022-12-21 12:01:47 INFO  NokiaLumiaPage :63 - Add the nokia phone to cart[[ChromeDriver: chrome on WINDOWS (9578722244ec68e0e92f05f73136ebcb)] -> css selector: #add-to-cart-button-20]
2022-12-21 12:01:47 INFO  NokiaLumiaPage :68 - Verify that the product is added to the cart message[[ChromeDriver: chrome on WINDOWS (9578722244ec68e0e92f05f73136ebcb)] -> xpath: //body/div[@id='bar-notification']/div[1]/p[1]]
2022-12-21 12:01:47 INFO  NokiaLumiaPage :73 - click on the cross button[[ChromeDriver: chrome on WINDOWS (9578722244ec68e0e92f05f73136ebcb)] -> xpath: //body/div[@id='bar-notification']/div[1]/span[1]]
2022-12-21 12:01:47 INFO  NokiaLumiaPage :78 - Mouse hover on Shopping cart and click on Go to cart link[[ChromeDriver: chrome on WINDOWS (9578722244ec68e0e92f05f73136ebcb)] -> xpath: //span[contains(text(),'Shopping cart')]][[ChromeDriver: chrome on WINDOWS (9578722244ec68e0e92f05f73136ebcb)] -> xpath: //button[contains(text(),'Go to cart')]]
2022-12-21 12:01:49 INFO  ShoppingCartPage :47 - Verify Shopping cart text[[ChromeDriver: chrome on WINDOWS (9578722244ec68e0e92f05f73136ebcb)] -> xpath: //div[@class='page-title']/h1[contains(text(),'Shopping cart')]]
2022-12-21 12:01:49 INFO  ShoppingCartPage :82 - Verify the product quantity[[ChromeDriver: chrome on WINDOWS (9578722244ec68e0e92f05f73136ebcb)] -> xpath: //td[@class='quantity']/child::input]
2022-12-21 12:01:49 INFO  ConfirmOrderPage :64 - Verify the total price of Nokia[[ChromeDriver: chrome on WINDOWS (9578722244ec68e0e92f05f73136ebcb)] -> xpath: //tbody/tr[4]/td[2]/span[1]/strong[1]]
2022-12-21 12:01:49 INFO  ShoppingCartPage :70 - Click on Check box[[ChromeDriver: chrome on WINDOWS (9578722244ec68e0e92f05f73136ebcb)] -> id: termsofservice]
2022-12-21 12:01:49 INFO  ShoppingCartPage :75 - Click on checkout button[[ChromeDriver: chrome on WINDOWS (9578722244ec68e0e92f05f73136ebcb)] -> xpath: //button[@id='checkout']]
2022-12-21 12:01:49 INFO  CheckOutAsGuest :27 - Verify the Welcome Text[[ChromeDriver: chrome on WINDOWS (9578722244ec68e0e92f05f73136ebcb)] -> xpath: //h1[text()='Welcome, Please Sign In!']]
2022-12-21 12:01:49 INFO  CheckOutAsGuest :36 - Click on Register tab[[ChromeDriver: chrome on WINDOWS (9578722244ec68e0e92f05f73136ebcb)] -> xpath: //button[contains(text(),'Register')]]
2022-12-21 12:02:10 INFO  RegisterPage :51 - Verify the Register page TextProxy element for: DefaultElementLocator 'By.xpath: //div[contains(text(),'Your registration completed')]'
2022-12-21 12:02:10 INFO  RegisterPage :56 - Enter first nameAbc in the first name field[[ChromeDriver: chrome on WINDOWS (9578722244ec68e0e92f05f73136ebcb)] -> id: FirstName]
2022-12-21 12:02:10 INFO  RegisterPage :61 - Enter Last nameXyz in the Last name field[[ChromeDriver: chrome on WINDOWS (9578722244ec68e0e92f05f73136ebcb)] -> id: LastName]
2022-12-21 12:02:10 INFO  RegisterPage :66 - Enter email addresstest123@gmail.comin the email address field[[ChromeDriver: chrome on WINDOWS (9578722244ec68e0e92f05f73136ebcb)] -> id: Email]
2022-12-21 12:02:10 INFO  RegisterPage :71 - Enter passwordtest123 in the  password field[[ChromeDriver: chrome on WINDOWS (9578722244ec68e0e92f05f73136ebcb)] -> id: Password]
2022-12-21 12:02:10 INFO  RegisterPage :76 - Enter Confirm passwordtest123 in the confirm password field[[ChromeDriver: chrome on WINDOWS (9578722244ec68e0e92f05f73136ebcb)] -> id: ConfirmPassword]
2022-12-21 12:02:10 INFO  RegisterPage :81 - Click on Register button[[ChromeDriver: chrome on WINDOWS (9578722244ec68e0e92f05f73136ebcb)] -> id: register-button]
2022-12-21 12:02:32 INFO  RegisterPage :86 - verify the Registration page textProxy element for: DefaultElementLocator 'By.xpath: //div[contains(text(),'Your registration completed')]'
2022-12-21 12:02:32 INFO  RegisterPage :91 - Click on Continue button[[ChromeDriver: chrome on WINDOWS (9578722244ec68e0e92f05f73136ebcb)] -> xpath: //a[contains(text(),'Continue')]]
2022-12-21 12:02:32 INFO  ShoppingCartPage :47 - Verify Shopping cart text[[ChromeDriver: chrome on WINDOWS (9578722244ec68e0e92f05f73136ebcb)] -> xpath: //div[@class='page-title']/h1[contains(text(),'Shopping cart')]]
2022-12-21 12:02:32 INFO  HomePage :71 - Click on Log in button[[ChromeDriver: chrome on WINDOWS (9578722244ec68e0e92f05f73136ebcb)] -> xpath: //a[contains(text(),'Log in')]]
2022-12-21 12:02:32 INFO  LoginPage :27 - Enter email test123@gmail.com to email field [[ChromeDriver: chrome on WINDOWS (9578722244ec68e0e92f05f73136ebcb)] -> id: Email]
2022-12-21 12:02:33 INFO  LoginPage :32 - Enter password test123 to password field [[ChromeDriver: chrome on WINDOWS (9578722244ec68e0e92f05f73136ebcb)] -> name: Password]
2022-12-21 12:02:33 INFO  LoginPage :37 - Clicking on Login Button[[ChromeDriver: chrome on WINDOWS (9578722244ec68e0e92f05f73136ebcb)] -> xpath: //button[contains(text(),'Log in')]]
2022-12-21 12:02:42 INFO  ShoppingCartPage :70 - Click on Check boxProxy element for: DefaultElementLocator 'By.id: termsofservice'
2022-12-21 12:02:46 INFO  DeskTopPage :34 - Get pageTitle text [[ChromeDriver: chrome on WINDOWS (c826b4985e0a5aeaff2593ebc24b5a75)] -> css selector: div[class='page-title'] h1]
2022-12-21 12:03:13 INFO  HomePage :46 - Click on Desktop[[ChromeDriver: chrome on WINDOWS (ffe2c13d98b6a3ae2c0838397069f9da)] -> link text: Desktops]
2022-12-21 12:03:13 INFO  DeskTopPage :39 - Select sort by Name: A to Z[[ChromeDriver: chrome on WINDOWS (ffe2c13d98b6a3ae2c0838397069f9da)] -> name: products-orderby]
2022-12-21 12:03:16 INFO  DeskTopPage :45 - Click on add to cart button[[ChromeDriver: chrome on WINDOWS (ffe2c13d98b6a3ae2c0838397069f9da)] -> xpath: //body/div[6]/div[3]/div[1]/div[3]/div[1]/div[2]/div[2]/div[2]/div[1]/div[1]/div[1]/div[1]/div[2]/div[3]/div[2]/button[1]]
2022-12-21 12:03:17 INFO  BuildYourOwnComputerPage :63 - Verify the Build your own computer page text[[ChromeDriver: chrome on WINDOWS (ffe2c13d98b6a3ae2c0838397069f9da)] -> xpath: //h1[contains(text(),'Build your own computer')]]
2022-12-21 12:03:17 INFO  BuildYourOwnComputerPage :68 - Select processor 2.2 GHz Intel Pentium Dual-Core E2200[[ChromeDriver: chrome on WINDOWS (ffe2c13d98b6a3ae2c0838397069f9da)] -> name: product_attribute_1]
2022-12-21 12:03:17 INFO  BuildYourOwnComputerPage :73 - Select ram 8GB [+$60.00]from dropdown list[[ChromeDriver: chrome on WINDOWS (ffe2c13d98b6a3ae2c0838397069f9da)] -> name: product_attribute_2]
2022-12-21 12:03:17 INFO  BuildYourOwnComputerPage :78 - select hdd radio button[[ChromeDriver: chrome on WINDOWS (ffe2c13d98b6a3ae2c0838397069f9da)] -> xpath: //input[@id='product_attribute_3_7']]
2022-12-21 12:03:17 INFO  BuildYourOwnComputerPage :83 - Select OS radio button[[ChromeDriver: chrome on WINDOWS (ffe2c13d98b6a3ae2c0838397069f9da)] -> xpath: //input[@id='product_attribute_4_9']]
2022-12-21 12:03:17 INFO  BuildYourOwnComputerPage :88 - Select software[[ChromeDriver: chrome on WINDOWS (ffe2c13d98b6a3ae2c0838397069f9da)] -> xpath: //input[@id='product_attribute_5_12']]
2022-12-21 12:03:18 INFO  BuildYourOwnComputerPage :93 - Verify the proce[[ChromeDriver: chrome on WINDOWS (ffe2c13d98b6a3ae2c0838397069f9da)] -> xpath: //span[text() = '$1,475.00']]
2022-12-21 12:03:18 INFO  BuildYourOwnComputerPage :98 - Click on add to cart button[[ChromeDriver: chrome on WINDOWS (ffe2c13d98b6a3ae2c0838397069f9da)] -> xpath: //button[@id='add-to-cart-button-1']]
2022-12-21 12:03:18 INFO  BuildYourOwnComputerPage :103 - Verify the messge on the top green bar[[ChromeDriver: chrome on WINDOWS (ffe2c13d98b6a3ae2c0838397069f9da)] -> xpath: //body[1]/div[5]/div[1]/p[1]]
2022-12-21 12:03:19 INFO  BuildYourOwnComputerPage :108 - Click on the close bar[[ChromeDriver: chrome on WINDOWS (ffe2c13d98b6a3ae2c0838397069f9da)] -> xpath: //body[1]/div[5]/div[1]/span[1]]
2022-12-21 12:03:19 INFO  BuildYourOwnComputerPage :113 - mouse howver on shopping cart[[ChromeDriver: chrome on WINDOWS (ffe2c13d98b6a3ae2c0838397069f9da)] -> xpath: //span[contains(text(),'Shopping cart')]]
2022-12-21 12:03:19 INFO  BuildYourOwnComputerPage :118 - Click on shopping cart[[ChromeDriver: chrome on WINDOWS (ffe2c13d98b6a3ae2c0838397069f9da)] -> xpath: //button[contains(text(),'Go to cart')]]
2022-12-21 12:03:20 INFO  ShoppingCartPage :47 - Verify Shopping cart text[[ChromeDriver: chrome on WINDOWS (ffe2c13d98b6a3ae2c0838397069f9da)] -> xpath: //div[@class='page-title']/h1[contains(text(),'Shopping cart')]]
2022-12-21 12:03:23 INFO  ShoppingCartPage :53 - Update the quantity of product in shopping cart[[ChromeDriver: chrome on WINDOWS (ffe2c13d98b6a3ae2c0838397069f9da)] -> xpath: //td[@class='quantity']/child::input]
2022-12-21 12:03:23 INFO  ShoppingCartPage :60 - Click on update Shopping cart button[[ChromeDriver: chrome on WINDOWS (ffe2c13d98b6a3ae2c0838397069f9da)] -> xpath: //button[@id='updatecart']]
2022-12-21 12:03:24 INFO  ShoppingCartPage :65 - Verify the total price[[ChromeDriver: chrome on WINDOWS (ffe2c13d98b6a3ae2c0838397069f9da)] -> xpath: //span[@class='product-subtotal'][text()='$2,950.00']]
2022-12-21 12:03:24 INFO  ShoppingCartPage :70 - Click on Check box[[ChromeDriver: chrome on WINDOWS (ffe2c13d98b6a3ae2c0838397069f9da)] -> id: termsofservice]
2022-12-21 12:03:24 INFO  ShoppingCartPage :75 - Click on checkout button[[ChromeDriver: chrome on WINDOWS (ffe2c13d98b6a3ae2c0838397069f9da)] -> xpath: //button[@id='checkout']]
2022-12-21 12:03:24 INFO  CheckOutAsGuest :27 - Verify the Welcome Text[[ChromeDriver: chrome on WINDOWS (ffe2c13d98b6a3ae2c0838397069f9da)] -> xpath: //h1[text()='Welcome, Please Sign In!']]
2022-12-21 12:03:24 INFO  CheckOutAsGuest :31 - Click on proceed as guest button [[ChromeDriver: chrome on WINDOWS (ffe2c13d98b6a3ae2c0838397069f9da)] -> xpath: //button[text()= 'Checkout as Guest']]
2022-12-21 12:03:25 INFO  BillingCheckOutPage :59 - Enter billing first nameAbc[[ChromeDriver: chrome on WINDOWS (ffe2c13d98b6a3ae2c0838397069f9da)] -> id: BillingNewAddress_FirstName]
2022-12-21 12:03:25 INFO  BillingCheckOutPage :64 - Enter billing last nameXyz[[ChromeDriver: chrome on WINDOWS (ffe2c13d98b6a3ae2c0838397069f9da)] -> id: BillingNewAddress_LastName]
2022-12-21 12:03:25 INFO  BillingCheckOutPage :69 - Enter billing email addresstest123@gmail.com[[ChromeDriver: chrome on WINDOWS (ffe2c13d98b6a3ae2c0838397069f9da)] -> id: BillingNewAddress_Email]
2022-12-21 12:03:25 INFO  BillingCheckOutPage :74 - Select Country United Kingdomfrom dropdown list[[ChromeDriver: chrome on WINDOWS (ffe2c13d98b6a3ae2c0838397069f9da)] -> id: BillingNewAddress_CountryId]
2022-12-21 12:03:25 INFO  BillingCheckOutPage :84 - Enter the City London[[ChromeDriver: chrome on WINDOWS (ffe2c13d98b6a3ae2c0838397069f9da)] -> id: BillingNewAddress_City]
2022-12-21 12:03:26 INFO  BillingCheckOutPage :89 - Enter billing address10 Downing Street[[ChromeDriver: chrome on WINDOWS (ffe2c13d98b6a3ae2c0838397069f9da)] -> id: BillingNewAddress_Address1]
2022-12-21 12:03:26 INFO  BillingCheckOutPage :94 - Enter zipcode EC1B 2JLin zip code field[[ChromeDriver: chrome on WINDOWS (ffe2c13d98b6a3ae2c0838397069f9da)] -> id: BillingNewAddress_ZipPostalCode]
2022-12-21 12:03:26 INFO  BillingCheckOutPage :99 - Enter phone number 0987654321in phone no field[[ChromeDriver: chrome on WINDOWS (ffe2c13d98b6a3ae2c0838397069f9da)] -> id: BillingNewAddress_PhoneNumber]
2022-12-21 12:03:26 INFO  BillingCheckOutPage :104 - Click on Checkout button[[ChromeDriver: chrome on WINDOWS (ffe2c13d98b6a3ae2c0838397069f9da)] -> xpath: //div[1]/button[4]]
2022-12-21 12:03:26 INFO  ShippingMethodCheckoutPage :27 - Click on radio button next day air[[ChromeDriver: chrome on WINDOWS (ffe2c13d98b6a3ae2c0838397069f9da)] -> id: shippingoption_1]
2022-12-21 12:03:26 INFO  ShippingMethodCheckoutPage :31 - Click on continue button[[ChromeDriver: chrome on WINDOWS (ffe2c13d98b6a3ae2c0838397069f9da)] -> xpath: //body/div[6]/div[3]/div[1]/div[1]/div[1]/div[2]/ol[1]/li[3]/div[2]/form[1]/div[2]/button[1]]
2022-12-21 12:03:26 INFO  PaymentMethodCheckOut :23 - Enter Credit card[[ChromeDriver: chrome on WINDOWS (ffe2c13d98b6a3ae2c0838397069f9da)] -> css selector: #paymentmethod_1]
2022-12-21 12:03:27 INFO  PaymentMethodCheckOut :27 - Click on Continue button[[ChromeDriver: chrome on WINDOWS (ffe2c13d98b6a3ae2c0838397069f9da)] -> xpath: //ol[1]/li[4]/div[2]/div[1]/button[1]]
2022-12-21 12:03:27 INFO  PaymentCheckOut :43 - Select card type Master cardfrom the drop down list[[ChromeDriver: chrome on WINDOWS (ffe2c13d98b6a3ae2c0838397069f9da)] -> id: CreditCardType]
2022-12-21 12:03:27 INFO  PaymentCheckOut :48 - Enter Card holder name Linda Smithin card holder name field[[ChromeDriver: chrome on WINDOWS (ffe2c13d98b6a3ae2c0838397069f9da)] -> id: CardholderName]
2022-12-21 12:03:27 INFO  PaymentCheckOut :53 - Enter card number 5555555555554444in card no field[[ChromeDriver: chrome on WINDOWS (ffe2c13d98b6a3ae2c0838397069f9da)] -> id: CardNumber]
2022-12-21 12:03:27 INFO  PaymentCheckOut :58 - Select expiry Month 02from dropdown[[ChromeDriver: chrome on WINDOWS (ffe2c13d98b6a3ae2c0838397069f9da)] -> id: ExpireMonth]
2022-12-21 12:03:27 INFO  PaymentCheckOut :63 - Select expiry Year 2024from dropdown[[ChromeDriver: chrome on WINDOWS (ffe2c13d98b6a3ae2c0838397069f9da)] -> id: ExpireYear]
2022-12-21 12:03:27 INFO  PaymentCheckOut :68 - Enter Card code 0123in card code field[[ChromeDriver: chrome on WINDOWS (ffe2c13d98b6a3ae2c0838397069f9da)] -> id: CardCode]
2022-12-21 12:03:27 INFO  PaymentCheckOut :73 - Click on continue button[[ChromeDriver: chrome on WINDOWS (ffe2c13d98b6a3ae2c0838397069f9da)] -> xpath: //button[@class='button-1 payment-info-next-step-button']]
2022-12-21 12:03:28 INFO  ConfirmOrderPage :39 - Verify credit card payment method[[ChromeDriver: chrome on WINDOWS (ffe2c13d98b6a3ae2c0838397069f9da)] -> xpath: //span[contains(text(),'Credit Card')]]
2022-12-21 12:03:28 INFO  ConfirmOrderPage :44 - Verify shipping method[[ChromeDriver: chrome on WINDOWS (ffe2c13d98b6a3ae2c0838397069f9da)] -> xpath: //div[1]/div[2]/div[2]/ul[1]/li[1]/span[2]]
2022-12-21 12:03:28 INFO  ConfirmOrderPage :49 - Verify the total price[[ChromeDriver: chrome on WINDOWS (ffe2c13d98b6a3ae2c0838397069f9da)] -> xpath: //tbody/tr[4]/td[2]/span[1]/strong[1]]
2022-12-21 12:03:28 INFO  ConfirmOrderPage :54 - Click on Confirm button[[ChromeDriver: chrome on WINDOWS (ffe2c13d98b6a3ae2c0838397069f9da)] -> xpath: //button[contains(text(),'Confirm')]]
2022-12-21 12:03:28 INFO  CompletedCheckoutPage :27 - Verify the Thank you Text[[ChromeDriver: chrome on WINDOWS (ffe2c13d98b6a3ae2c0838397069f9da)] -> xpath: //h1[contains(text(),'Thank you')]]
2022-12-21 12:03:28 INFO  CompletedCheckoutPage :31 - Verify the order success text[[ChromeDriver: chrome on WINDOWS (ffe2c13d98b6a3ae2c0838397069f9da)] -> xpath: //strong[contains(text(),'Your order has been successfully processed!')]]
2022-12-21 12:03:29 INFO  CompletedCheckoutPage :35 - Click on continue button[[ChromeDriver: chrome on WINDOWS (ffe2c13d98b6a3ae2c0838397069f9da)] -> xpath: //button[contains(text(),'Continue')]]
2022-12-21 12:03:29 INFO  HomePage :61 - Verify the Welcome text[[ChromeDriver: chrome on WINDOWS (ffe2c13d98b6a3ae2c0838397069f9da)] -> xpath: //h2[contains(text(),'Welcome to our store')]]
2022-12-21 12:03:33 INFO  HomePage :51 - Mouse hover on Electronics tab[[ChromeDriver: chrome on WINDOWS (5d9da90ffebb3df76d196e406409f629)] -> xpath: //div/ul[@class='top-menu notmobile']/li[2]/a[@href='/electronics']]
2022-12-21 12:03:33 INFO  HomePage :56 - Mouse hover on Cell phones tab and click[[ChromeDriver: chrome on WINDOWS (5d9da90ffebb3df76d196e406409f629)] -> xpath: //body[1]/div[6]/div[2]/ul[1]/li[2]/ul[1]/li[2]/a[1]]
2022-12-21 12:03:33 INFO  CellPhonesPage :27 - Verify the Cell phones page text[[ChromeDriver: chrome on WINDOWS (5d9da90ffebb3df76d196e406409f629)] -> xpath: //div[@class='page-title']/h1[text() = 'Cell phones']]
2022-12-21 12:03:33 INFO  CellPhonesPage :32 - Click on list view[[ChromeDriver: chrome on WINDOWS (5d9da90ffebb3df76d196e406409f629)] -> xpath: //div/a[text()='List']]
2022-12-21 12:03:36 INFO  CellPhonesPage :37 - Click on Nokia lumia [[ChromeDriver: chrome on WINDOWS (5d9da90ffebb3df76d196e406409f629)] -> xpath: //h2/a[text()='Nokia Lumia 1020']]
2022-12-21 12:03:37 INFO  NokiaLumiaPage :47 - Verify Nokia lumia Text[[ChromeDriver: chrome on WINDOWS (5d9da90ffebb3df76d196e406409f629)] -> xpath: //h1[contains(text(),'Nokia Lumia 1020')]]
2022-12-21 12:03:37 INFO  NokiaLumiaPage :52 - Verify Nokia price[[ChromeDriver: chrome on WINDOWS (5d9da90ffebb3df76d196e406409f629)] -> xpath: //span[@id='price-value-20']]
2022-12-21 12:03:37 INFO  NokiaLumiaPage :57 - Change the quantity of nokia product[[ChromeDriver: chrome on WINDOWS (5d9da90ffebb3df76d196e406409f629)] -> css selector: #product_enteredQuantity_20]
2022-12-21 12:03:38 INFO  NokiaLumiaPage :63 - Add the nokia phone to cart[[ChromeDriver: chrome on WINDOWS (5d9da90ffebb3df76d196e406409f629)] -> css selector: #add-to-cart-button-20]
2022-12-21 12:03:38 INFO  NokiaLumiaPage :68 - Verify that the product is added to the cart message[[ChromeDriver: chrome on WINDOWS (5d9da90ffebb3df76d196e406409f629)] -> xpath: //body/div[@id='bar-notification']/div[1]/p[1]]
2022-12-21 12:03:38 INFO  NokiaLumiaPage :73 - click on the cross button[[ChromeDriver: chrome on WINDOWS (5d9da90ffebb3df76d196e406409f629)] -> xpath: //body/div[@id='bar-notification']/div[1]/span[1]]
2022-12-21 12:03:38 INFO  NokiaLumiaPage :78 - Mouse hover on Shopping cart and click on Go to cart link[[ChromeDriver: chrome on WINDOWS (5d9da90ffebb3df76d196e406409f629)] -> xpath: //span[contains(text(),'Shopping cart')]][[ChromeDriver: chrome on WINDOWS (5d9da90ffebb3df76d196e406409f629)] -> xpath: //button[contains(text(),'Go to cart')]]
2022-12-21 12:03:40 INFO  ShoppingCartPage :47 - Verify Shopping cart text[[ChromeDriver: chrome on WINDOWS (5d9da90ffebb3df76d196e406409f629)] -> xpath: //div[@class='page-title']/h1[contains(text(),'Shopping cart')]]
2022-12-21 12:03:40 INFO  ShoppingCartPage :82 - Verify the product quantity[[ChromeDriver: chrome on WINDOWS (5d9da90ffebb3df76d196e406409f629)] -> xpath: //td[@class='quantity']/child::input]
2022-12-21 12:03:40 INFO  ConfirmOrderPage :64 - Verify the total price of Nokia[[ChromeDriver: chrome on WINDOWS (5d9da90ffebb3df76d196e406409f629)] -> xpath: //tbody/tr[4]/td[2]/span[1]/strong[1]]
2022-12-21 12:03:40 INFO  ShoppingCartPage :70 - Click on Check box[[ChromeDriver: chrome on WINDOWS (5d9da90ffebb3df76d196e406409f629)] -> id: termsofservice]
2022-12-21 12:03:40 INFO  ShoppingCartPage :75 - Click on checkout button[[ChromeDriver: chrome on WINDOWS (5d9da90ffebb3df76d196e406409f629)] -> xpath: //button[@id='checkout']]
2022-12-21 12:03:40 INFO  CheckOutAsGuest :27 - Verify the Welcome Text[[ChromeDriver: chrome on WINDOWS (5d9da90ffebb3df76d196e406409f629)] -> xpath: //h1[text()='Welcome, Please Sign In!']]
2022-12-21 12:03:40 INFO  CheckOutAsGuest :36 - Click on Register tab[[ChromeDriver: chrome on WINDOWS (5d9da90ffebb3df76d196e406409f629)] -> xpath: //button[contains(text(),'Register')]]
2022-12-21 12:04:01 INFO  RegisterPage :51 - Verify the Register page TextProxy element for: DefaultElementLocator 'By.xpath: //div[contains(text(),'Your registration completed')]'
2022-12-21 12:04:01 INFO  RegisterPage :56 - Enter first nameAbc in the first name field[[ChromeDriver: chrome on WINDOWS (5d9da90ffebb3df76d196e406409f629)] -> id: FirstName]
2022-12-21 12:04:01 INFO  RegisterPage :61 - Enter Last nameXyz in the Last name field[[ChromeDriver: chrome on WINDOWS (5d9da90ffebb3df76d196e406409f629)] -> id: LastName]
2022-12-21 12:04:01 INFO  RegisterPage :66 - Enter email addresstest123@gmail.comin the email address field[[ChromeDriver: chrome on WINDOWS (5d9da90ffebb3df76d196e406409f629)] -> id: Email]
2022-12-21 12:04:01 INFO  RegisterPage :71 - Enter passwordtest123 in the  password field[[ChromeDriver: chrome on WINDOWS (5d9da90ffebb3df76d196e406409f629)] -> id: Password]
2022-12-21 12:04:01 INFO  RegisterPage :76 - Enter Confirm passwordtest123 in the confirm password field[[ChromeDriver: chrome on WINDOWS (5d9da90ffebb3df76d196e406409f629)] -> id: ConfirmPassword]
2022-12-21 12:04:01 INFO  RegisterPage :81 - Click on Register button[[ChromeDriver: chrome on WINDOWS (5d9da90ffebb3df76d196e406409f629)] -> id: register-button]
2022-12-21 12:04:22 INFO  RegisterPage :86 - verify the Registration page textProxy element for: DefaultElementLocator 'By.xpath: //div[contains(text(),'Your registration completed')]'
2022-12-21 12:04:26 INFO  RegisterPage :91 - Click on Continue button[[ChromeDriver: chrome on WINDOWS (5d9da90ffebb3df76d196e406409f629)] -> xpath: //a[contains(text(),'Continue')]]
2022-12-21 12:04:26 INFO  ShoppingCartPage :47 - Verify Shopping cart text[[ChromeDriver: chrome on WINDOWS (5d9da90ffebb3df76d196e406409f629)] -> xpath: //div[@class='page-title']/h1[contains(text(),'Shopping cart')]]
2022-12-21 12:04:26 INFO  HomePage :71 - Click on Log in button[[ChromeDriver: chrome on WINDOWS (5d9da90ffebb3df76d196e406409f629)] -> xpath: //a[contains(text(),'Log in')]]
2022-12-21 12:04:27 INFO  LoginPage :27 - Enter email test123@gmail.com to email field [[ChromeDriver: chrome on WINDOWS (5d9da90ffebb3df76d196e406409f629)] -> id: Email]
2022-12-21 12:04:27 INFO  LoginPage :32 - Enter password test123 to password field [[ChromeDriver: chrome on WINDOWS (5d9da90ffebb3df76d196e406409f629)] -> name: Password]
2022-12-21 12:04:27 INFO  LoginPage :37 - Clicking on Login Button[[ChromeDriver: chrome on WINDOWS (5d9da90ffebb3df76d196e406409f629)] -> xpath: //button[contains(text(),'Log in')]]
2022-12-21 12:04:32 INFO  ShoppingCartPage :70 - Click on Check boxProxy element for: DefaultElementLocator 'By.id: termsofservice'
2022-12-21 12:05:01 INFO  HomePage :46 - Click on Desktop[[ChromeDriver: chrome on WINDOWS (ed2702c67c6395e81790a756f24c5362)] -> link text: Desktops]
2022-12-21 12:05:01 INFO  DeskTopPage :39 - Select sort by Name: Z to A[[ChromeDriver: chrome on WINDOWS (ed2702c67c6395e81790a756f24c5362)] -> name: products-orderby]
2022-12-21 12:05:01 INFO  DeskTopPage :50 - Verify that product is arranged in descending order[[ChromeDriver: chrome on WINDOWS (ed2702c67c6395e81790a756f24c5362)] -> name: products-orderby]
2022-12-21 12:05:05 INFO  HomePage :51 - Mouse hover on Electronics tab[[ChromeDriver: chrome on WINDOWS (a0654e42e1dd1b78ed7c57832ab21ea5)] -> xpath: //div/ul[@class='top-menu notmobile']/li[2]/a[@href='/electronics']]
2022-12-21 12:05:05 INFO  HomePage :56 - Mouse hover on Cell phones tab and click[[ChromeDriver: chrome on WINDOWS (a0654e42e1dd1b78ed7c57832ab21ea5)] -> xpath: //body[1]/div[6]/div[2]/ul[1]/li[2]/ul[1]/li[2]/a[1]]
2022-12-21 12:05:06 INFO  CellPhonesPage :27 - Verify the Cell phones page text[[ChromeDriver: chrome on WINDOWS (a0654e42e1dd1b78ed7c57832ab21ea5)] -> xpath: //div[@class='page-title']/h1[text() = 'Cell phones']]
2022-12-21 12:05:11 INFO  DeskTopPage :34 - Get pageTitle text [[ChromeDriver: chrome on WINDOWS (babf90658e111f621a5e883f2097e749)] -> css selector: div[class='page-title'] h1]
